<?xml version="1.0" encoding="UTF-8"?>
<robot generator="Robot 6.1 (Python 3.10.11 on darwin)" generated="20240104 11:21:05.777" rpa="false" schemaversion="4">
<suite id="s1" name="System Admin" source="/Users/cfh00896878/iasm-test-automation/System_Admin.robot">
<kw name="Open Browser Chrome and use user" library="Login" type="SETUP">
<kw name="Open Browser" library="Selenium2Library">
<arg>${URL}</arg>
<arg>browser=headlesschrome</arg>
<doc>Opens a new browser instance to the optional ``url``.</doc>
<msg timestamp="20240104 11:21:05.905" level="INFO">Opening browser 'headlesschrome' to base url 'https://iasm-lab.net/change-role'.</msg>
<status status="PASS" starttime="20240104 11:21:05.905" endtime="20240104 11:21:07.186"/>
</kw>
<kw name="Maximize Browser Window" library="Selenium2Library">
<doc>Maximizes current browser window.</doc>
<status status="PASS" starttime="20240104 11:21:07.187" endtime="20240104 11:21:07.297"/>
</kw>
<status status="PASS" starttime="20240104 11:21:05.905" endtime="20240104 11:21:07.297"/>
</kw>
<test id="s1-t1" name="公司負責人-資產管理-工作區資產查詢-全部資產-查看驗證" line="12">
<kw name="Login System Admin" library="Login">
<kw name="Wait And Click" library="Action">
<arg>//button[contains(@label,'${System_Admin}')]</arg>
<kw name="Wait Until Element Is Visible" library="Selenium2Library">
<arg>${locator}</arg>
<doc>Waits until the element ``locator`` is visible.</doc>
<status status="PASS" starttime="20240104 11:21:07.299" endtime="20240104 11:21:07.316"/>
</kw>
<kw name="Wait Until Element Is Enabled" library="Selenium2Library">
<arg>${locator}</arg>
<doc>Waits until the element ``locator`` is enabled.</doc>
<status status="PASS" starttime="20240104 11:21:07.316" endtime="20240104 11:21:07.331"/>
</kw>
<kw name="Wait Until Page Contains Element" library="Selenium2Library">
<arg>${locator}</arg>
<arg>10s</arg>
<doc>Waits until the element ``locator`` appears on the current page.</doc>
<status status="PASS" starttime="20240104 11:21:07.331" endtime="20240104 11:21:07.339"/>
</kw>
<kw name="Sleep" library="BuiltIn">
<arg>500ms</arg>
<doc>Pauses the test executed for the given time.</doc>
<msg timestamp="20240104 11:21:07.840" level="INFO">Slept 500 milliseconds</msg>
<status status="PASS" starttime="20240104 11:21:07.339" endtime="20240104 11:21:07.841"/>
</kw>
<kw name="Click Element" library="Selenium2Library">
<arg>${locator}</arg>
<doc>Click the element identified by ``locator``.</doc>
<msg timestamp="20240104 11:21:07.842" level="INFO">Clicking element '//button[contains(@label,'公司負責人')]'.</msg>
<status status="PASS" starttime="20240104 11:21:07.841" endtime="20240104 11:21:07.881"/>
</kw>
<status status="PASS" starttime="20240104 11:21:07.299" endtime="20240104 11:21:07.881"/>
</kw>
<kw name="Sleep" library="BuiltIn">
<arg>500ms</arg>
<doc>Pauses the test executed for the given time.</doc>
<msg timestamp="20240104 11:21:08.381" level="INFO">Slept 500 milliseconds</msg>
<status status="PASS" starttime="20240104 11:21:07.881" endtime="20240104 11:21:08.382"/>
</kw>
<status status="PASS" starttime="20240104 11:21:07.299" endtime="20240104 11:21:08.382"/>
</kw>
<kw name="Search data" library="Asset_management">
<arg>${hard_data_name}</arg>
<kw name="Wait And Click" library="Action">
<arg>//i[@class='pi pi-copy']</arg>
<kw name="Wait Until Element Is Visible" library="Selenium2Library">
<arg>${locator}</arg>
<doc>Waits until the element ``locator`` is visible.</doc>
<status status="PASS" starttime="20240104 11:21:08.383" endtime="20240104 11:21:08.405"/>
</kw>
<kw name="Wait Until Element Is Enabled" library="Selenium2Library">
<arg>${locator}</arg>
<doc>Waits until the element ``locator`` is enabled.</doc>
<status status="PASS" starttime="20240104 11:21:08.406" endtime="20240104 11:21:08.418"/>
</kw>
<kw name="Wait Until Page Contains Element" library="Selenium2Library">
<arg>${locator}</arg>
<arg>10s</arg>
<doc>Waits until the element ``locator`` appears on the current page.</doc>
<status status="PASS" starttime="20240104 11:21:08.418" endtime="20240104 11:21:08.421"/>
</kw>
<kw name="Sleep" library="BuiltIn">
<arg>500ms</arg>
<doc>Pauses the test executed for the given time.</doc>
<msg timestamp="20240104 11:21:08.922" level="INFO">Slept 500 milliseconds</msg>
<status status="PASS" starttime="20240104 11:21:08.421" endtime="20240104 11:21:08.922"/>
</kw>
<kw name="Click Element" library="Selenium2Library">
<arg>${locator}</arg>
<doc>Click the element identified by ``locator``.</doc>
<msg timestamp="20240104 11:21:08.924" level="INFO">Clicking element '//i[@class='pi pi-copy']'.</msg>
<status status="PASS" starttime="20240104 11:21:08.923" endtime="20240104 11:21:08.955"/>
</kw>
<status status="PASS" starttime="20240104 11:21:08.383" endtime="20240104 11:21:08.955"/>
</kw>
<kw name="Wait And Click" library="Action">
<arg>//a[@href='/assetsManager/search']</arg>
<kw name="Wait Until Element Is Visible" library="Selenium2Library">
<arg>${locator}</arg>
<doc>Waits until the element ``locator`` is visible.</doc>
<status status="PASS" starttime="20240104 11:21:08.956" endtime="20240104 11:21:08.969"/>
</kw>
<kw name="Wait Until Element Is Enabled" library="Selenium2Library">
<arg>${locator}</arg>
<doc>Waits until the element ``locator`` is enabled.</doc>
<status status="PASS" starttime="20240104 11:21:08.969" endtime="20240104 11:21:08.979"/>
</kw>
<kw name="Wait Until Page Contains Element" library="Selenium2Library">
<arg>${locator}</arg>
<arg>10s</arg>
<doc>Waits until the element ``locator`` appears on the current page.</doc>
<status status="PASS" starttime="20240104 11:21:08.979" endtime="20240104 11:21:08.983"/>
</kw>
<kw name="Sleep" library="BuiltIn">
<arg>500ms</arg>
<doc>Pauses the test executed for the given time.</doc>
<msg timestamp="20240104 11:21:09.483" level="INFO">Slept 500 milliseconds</msg>
<status status="PASS" starttime="20240104 11:21:08.983" endtime="20240104 11:21:09.484"/>
</kw>
<kw name="Click Element" library="Selenium2Library">
<arg>${locator}</arg>
<doc>Click the element identified by ``locator``.</doc>
<msg timestamp="20240104 11:21:09.485" level="INFO">Clicking element '//a[@href='/assetsManager/search']'.</msg>
<status status="PASS" starttime="20240104 11:21:09.484" endtime="20240104 11:21:09.520"/>
</kw>
<status status="PASS" starttime="20240104 11:21:08.956" endtime="20240104 11:21:09.520"/>
</kw>
<kw name="Run Keyword If" library="BuiltIn">
<arg>'${data_name}' == '${soft_data_name}'</arg>
<arg>Wait And Click</arg>
<arg>//*[text()='軟體']</arg>
<arg>ELSE IF</arg>
<arg>'${data_name}' == '${data_data_name}'</arg>
<arg>Wait And Click</arg>
<arg>//*[text()='資料']</arg>
<arg>ELSE IF</arg>
<arg>'${data_name}' == '${paper_data_name}'</arg>
<arg>Wait And Click</arg>
<arg>//*[text()='紙本']</arg>
<arg>ELSE IF</arg>
<arg>'${data_name}' == '${people_data_name}'</arg>
<arg>Wait And Click</arg>
<arg>//*[text()='人員']</arg>
<doc>Runs the given keyword with the given arguments, if ``condition`` is true.</doc>
<status status="PASS" starttime="20240104 11:21:09.520" endtime="20240104 11:21:09.521"/>
</kw>
<kw name="Wait And Click" library="Action">
<arg>//span[@class='p-dropdown-label p-inputtext p-placeholder ng-star-inserted']</arg>
<kw name="Wait Until Element Is Visible" library="Selenium2Library">
<arg>${locator}</arg>
<doc>Waits until the element ``locator`` is visible.</doc>
<status status="PASS" starttime="20240104 11:21:09.521" endtime="20240104 11:21:09.532"/>
</kw>
<kw name="Wait Until Element Is Enabled" library="Selenium2Library">
<arg>${locator}</arg>
<doc>Waits until the element ``locator`` is enabled.</doc>
<status status="PASS" starttime="20240104 11:21:09.532" endtime="20240104 11:21:09.543"/>
</kw>
<kw name="Wait Until Page Contains Element" library="Selenium2Library">
<arg>${locator}</arg>
<arg>10s</arg>
<doc>Waits until the element ``locator`` appears on the current page.</doc>
<status status="PASS" starttime="20240104 11:21:09.543" endtime="20240104 11:21:09.546"/>
</kw>
<kw name="Sleep" library="BuiltIn">
<arg>500ms</arg>
<doc>Pauses the test executed for the given time.</doc>
<msg timestamp="20240104 11:21:10.048" level="INFO">Slept 500 milliseconds</msg>
<status status="PASS" starttime="20240104 11:21:09.546" endtime="20240104 11:21:10.049"/>
</kw>
<kw name="Click Element" library="Selenium2Library">
<arg>${locator}</arg>
<doc>Click the element identified by ``locator``.</doc>
<msg timestamp="20240104 11:21:10.052" level="INFO">Clicking element '//span[@class='p-dropdown-label p-inputtext p-placeholder ng-star-inserted']'.</msg>
<status status="PASS" starttime="20240104 11:21:10.050" endtime="20240104 11:21:10.105"/>
</kw>
<status status="PASS" starttime="20240104 11:21:09.521" endtime="20240104 11:21:10.105"/>
</kw>
<kw name="Wait And Click" library="Action">
<arg>//li[@aria-label='${department_name}']</arg>
<kw name="Wait Until Element Is Visible" library="Selenium2Library">
<arg>${locator}</arg>
<doc>Waits until the element ``locator`` is visible.</doc>
<status status="PASS" starttime="20240104 11:21:10.105" endtime="20240104 11:21:10.118"/>
</kw>
<kw name="Wait Until Element Is Enabled" library="Selenium2Library">
<arg>${locator}</arg>
<doc>Waits until the element ``locator`` is enabled.</doc>
<status status="PASS" starttime="20240104 11:21:10.118" endtime="20240104 11:21:10.126"/>
</kw>
<kw name="Wait Until Page Contains Element" library="Selenium2Library">
<arg>${locator}</arg>
<arg>10s</arg>
<doc>Waits until the element ``locator`` appears on the current page.</doc>
<status status="PASS" starttime="20240104 11:21:10.127" endtime="20240104 11:21:10.129"/>
</kw>
<kw name="Sleep" library="BuiltIn">
<arg>500ms</arg>
<doc>Pauses the test executed for the given time.</doc>
<msg timestamp="20240104 11:21:10.631" level="INFO">Slept 500 milliseconds</msg>
<status status="PASS" starttime="20240104 11:21:10.129" endtime="20240104 11:21:10.631"/>
</kw>
<kw name="Click Element" library="Selenium2Library">
<arg>${locator}</arg>
<doc>Click the element identified by ``locator``.</doc>
<msg timestamp="20240104 11:21:10.633" level="INFO">Clicking element '//li[@aria-label='資訊架構部']'.</msg>
<status status="PASS" starttime="20240104 11:21:10.631" endtime="20240104 11:21:10.674"/>
</kw>
<status status="PASS" starttime="20240104 11:21:10.105" endtime="20240104 11:21:10.675"/>
</kw>
<kw name="Wait And Click" library="Action">
<arg>//div[@class ='p-multiselect-label p-placeholder']</arg>
<kw name="Wait Until Element Is Visible" library="Selenium2Library">
<arg>${locator}</arg>
<doc>Waits until the element ``locator`` is visible.</doc>
<status status="PASS" starttime="20240104 11:21:10.675" endtime="20240104 11:21:10.688"/>
</kw>
<kw name="Wait Until Element Is Enabled" library="Selenium2Library">
<arg>${locator}</arg>
<doc>Waits until the element ``locator`` is enabled.</doc>
<status status="PASS" starttime="20240104 11:21:10.688" endtime="20240104 11:21:10.698"/>
</kw>
<kw name="Wait Until Page Contains Element" library="Selenium2Library">
<arg>${locator}</arg>
<arg>10s</arg>
<doc>Waits until the element ``locator`` appears on the current page.</doc>
<status status="PASS" starttime="20240104 11:21:10.698" endtime="20240104 11:21:10.701"/>
</kw>
<kw name="Sleep" library="BuiltIn">
<arg>500ms</arg>
<doc>Pauses the test executed for the given time.</doc>
<msg timestamp="20240104 11:21:11.202" level="INFO">Slept 500 milliseconds</msg>
<status status="PASS" starttime="20240104 11:21:10.701" endtime="20240104 11:21:11.203"/>
</kw>
<kw name="Click Element" library="Selenium2Library">
<arg>${locator}</arg>
<doc>Click the element identified by ``locator``.</doc>
<msg timestamp="20240104 11:21:11.205" level="INFO">Clicking element '//div[@class ='p-multiselect-label p-placeholder']'.</msg>
<status status="PASS" starttime="20240104 11:21:11.203" endtime="20240104 11:21:11.250"/>
</kw>
<status status="PASS" starttime="20240104 11:21:10.675" endtime="20240104 11:21:11.250"/>
</kw>
<kw name="Wait And Click" library="Action">
<arg>//div[@class='p-checkbox p-component ng-star-inserted']</arg>
<kw name="Wait Until Element Is Visible" library="Selenium2Library">
<arg>${locator}</arg>
<doc>Waits until the element ``locator`` is visible.</doc>
<status status="PASS" starttime="20240104 11:21:11.251" endtime="20240104 11:21:11.261"/>
</kw>
<kw name="Wait Until Element Is Enabled" library="Selenium2Library">
<arg>${locator}</arg>
<doc>Waits until the element ``locator`` is enabled.</doc>
<status status="PASS" starttime="20240104 11:21:11.261" endtime="20240104 11:21:11.271"/>
</kw>
<kw name="Wait Until Page Contains Element" library="Selenium2Library">
<arg>${locator}</arg>
<arg>10s</arg>
<doc>Waits until the element ``locator`` appears on the current page.</doc>
<status status="PASS" starttime="20240104 11:21:11.271" endtime="20240104 11:21:11.275"/>
</kw>
<kw name="Sleep" library="BuiltIn">
<arg>500ms</arg>
<doc>Pauses the test executed for the given time.</doc>
<msg timestamp="20240104 11:21:11.775" level="INFO">Slept 500 milliseconds</msg>
<status status="PASS" starttime="20240104 11:21:11.275" endtime="20240104 11:21:11.775"/>
</kw>
<kw name="Click Element" library="Selenium2Library">
<arg>${locator}</arg>
<doc>Click the element identified by ``locator``.</doc>
<msg timestamp="20240104 11:21:11.777" level="INFO">Clicking element '//div[@class='p-checkbox p-component ng-star-inserted']'.</msg>
<status status="PASS" starttime="20240104 11:21:11.776" endtime="20240104 11:21:11.816"/>
</kw>
<status status="PASS" starttime="20240104 11:21:11.250" endtime="20240104 11:21:11.817"/>
</kw>
<kw name="Wait And Click" library="Action">
<arg>//button[@class='p-ripple p-element p-multiselect-close p-link ng-star-inserted']</arg>
<kw name="Wait Until Element Is Visible" library="Selenium2Library">
<arg>${locator}</arg>
<doc>Waits until the element ``locator`` is visible.</doc>
<status status="PASS" starttime="20240104 11:21:11.817" endtime="20240104 11:21:12.836"/>
</kw>
<kw name="Wait Until Element Is Enabled" library="Selenium2Library">
<arg>${locator}</arg>
<doc>Waits until the element ``locator`` is enabled.</doc>
<status status="PASS" starttime="20240104 11:21:12.837" endtime="20240104 11:21:12.857"/>
</kw>
<kw name="Wait Until Page Contains Element" library="Selenium2Library">
<arg>${locator}</arg>
<arg>10s</arg>
<doc>Waits until the element ``locator`` appears on the current page.</doc>
<status status="PASS" starttime="20240104 11:21:12.857" endtime="20240104 11:21:12.862"/>
</kw>
<kw name="Sleep" library="BuiltIn">
<arg>500ms</arg>
<doc>Pauses the test executed for the given time.</doc>
<msg timestamp="20240104 11:21:13.365" level="INFO">Slept 500 milliseconds</msg>
<status status="PASS" starttime="20240104 11:21:12.862" endtime="20240104 11:21:13.366"/>
</kw>
<kw name="Click Element" library="Selenium2Library">
<arg>${locator}</arg>
<doc>Click the element identified by ``locator``.</doc>
<msg timestamp="20240104 11:21:13.368" level="INFO">Clicking element '//button[@class='p-ripple p-element p-multiselect-close p-link ng-star-inserted']'.</msg>
<status status="PASS" starttime="20240104 11:21:13.366" endtime="20240104 11:21:13.401"/>
</kw>
<status status="PASS" starttime="20240104 11:21:11.817" endtime="20240104 11:21:13.401"/>
</kw>
<kw name="Run Keyword If" library="BuiltIn">
<arg>'${data_name}' == '${hard_data_name}' or '${data_name}' == '${soft_data_name}' or '${data_name}' == '${paper_data_name}'</arg>
<arg>Wait And Input</arg>
<arg>//input[@formcontrolname='nameOfAsset']</arg>
<arg>${data_name}</arg>
<arg>ELSE IF</arg>
<arg>'${data_name}' == '${data_data_name}'</arg>
<arg>Wait And Input</arg>
<arg>//input[@formcontrolname='nameOfAsset2']</arg>
<arg>${data_data_name}</arg>
<arg>ELSE IF</arg>
<arg>'${data_name}' == '${people_data_name}'</arg>
<arg>Wait And Input</arg>
<arg>//input[@formcontrolname='nameOfPersonnel']</arg>
<arg>${people_data_name}</arg>
<doc>Runs the given keyword with the given arguments, if ``condition`` is true.</doc>
<kw name="Wait And Input" library="Action">
<arg>//input[@formcontrolname='nameOfAsset']</arg>
<arg>${data_name}</arg>
<kw name="Wait Until Element Is Visible" library="Selenium2Library">
<arg>${locator}</arg>
<doc>Waits until the element ``locator`` is visible.</doc>
<status status="PASS" starttime="20240104 11:21:13.402" endtime="20240104 11:21:13.413"/>
</kw>
<kw name="Wait Until Element Is Enabled" library="Selenium2Library">
<arg>${locator}</arg>
<doc>Waits until the element ``locator`` is enabled.</doc>
<status status="PASS" starttime="20240104 11:21:13.414" endtime="20240104 11:21:13.424"/>
</kw>
<kw name="Wait Until Page Contains Element" library="Selenium2Library">
<arg>${locator}</arg>
<arg>10s</arg>
<doc>Waits until the element ``locator`` appears on the current page.</doc>
<status status="PASS" starttime="20240104 11:21:13.424" endtime="20240104 11:21:13.428"/>
</kw>
<kw name="Sleep" library="BuiltIn">
<arg>500ms</arg>
<doc>Pauses the test executed for the given time.</doc>
<msg timestamp="20240104 11:21:13.928" level="INFO">Slept 500 milliseconds</msg>
<status status="PASS" starttime="20240104 11:21:13.428" endtime="20240104 11:21:13.928"/>
</kw>
<kw name="Input Text" library="Selenium2Library">
<arg>${locator}</arg>
<arg>${text}</arg>
<doc>Types the given ``text`` into the text field identified by ``locator``.</doc>
<msg timestamp="20240104 11:21:13.932" level="INFO">Typing text 'hard_data_name' into text field '//input[@formcontrolname='nameOfAsset']'.</msg>
<status status="PASS" starttime="20240104 11:21:13.929" endtime="20240104 11:21:14.065"/>
</kw>
<status status="PASS" starttime="20240104 11:21:13.402" endtime="20240104 11:21:14.065"/>
</kw>
<status status="PASS" starttime="20240104 11:21:13.402" endtime="20240104 11:21:14.065"/>
</kw>
<kw name="Wait And Click" library="Action">
<arg>//div[@class='d-flex using-container']/div[3]/div/p-radiobutton/div/div[2]</arg>
<kw name="Wait Until Element Is Visible" library="Selenium2Library">
<arg>${locator}</arg>
<doc>Waits until the element ``locator`` is visible.</doc>
<status status="PASS" starttime="20240104 11:21:14.065" endtime="20240104 11:21:14.075"/>
</kw>
<kw name="Wait Until Element Is Enabled" library="Selenium2Library">
<arg>${locator}</arg>
<doc>Waits until the element ``locator`` is enabled.</doc>
<status status="PASS" starttime="20240104 11:21:14.075" endtime="20240104 11:21:14.084"/>
</kw>
<kw name="Wait Until Page Contains Element" library="Selenium2Library">
<arg>${locator}</arg>
<arg>10s</arg>
<doc>Waits until the element ``locator`` appears on the current page.</doc>
<status status="PASS" starttime="20240104 11:21:14.084" endtime="20240104 11:21:14.087"/>
</kw>
<kw name="Sleep" library="BuiltIn">
<arg>500ms</arg>
<doc>Pauses the test executed for the given time.</doc>
<msg timestamp="20240104 11:21:14.589" level="INFO">Slept 500 milliseconds</msg>
<status status="PASS" starttime="20240104 11:21:14.087" endtime="20240104 11:21:14.590"/>
</kw>
<kw name="Click Element" library="Selenium2Library">
<arg>${locator}</arg>
<doc>Click the element identified by ``locator``.</doc>
<msg timestamp="20240104 11:21:14.592" level="INFO">Clicking element '//div[@class='d-flex using-container']/div[3]/div/p-radiobutton/div/div[2]'.</msg>
<status status="PASS" starttime="20240104 11:21:14.590" endtime="20240104 11:21:14.623"/>
</kw>
<status status="PASS" starttime="20240104 11:21:14.065" endtime="20240104 11:21:14.624"/>
</kw>
<kw name="Wait And Click" library="Action">
<arg>//*[text()='搜尋']</arg>
<kw name="Wait Until Element Is Visible" library="Selenium2Library">
<arg>${locator}</arg>
<doc>Waits until the element ``locator`` is visible.</doc>
<status status="PASS" starttime="20240104 11:21:14.624" endtime="20240104 11:21:14.636"/>
</kw>
<kw name="Wait Until Element Is Enabled" library="Selenium2Library">
<arg>${locator}</arg>
<doc>Waits until the element ``locator`` is enabled.</doc>
<status status="PASS" starttime="20240104 11:21:14.636" endtime="20240104 11:21:14.646"/>
</kw>
<kw name="Wait Until Page Contains Element" library="Selenium2Library">
<arg>${locator}</arg>
<arg>10s</arg>
<doc>Waits until the element ``locator`` appears on the current page.</doc>
<status status="PASS" starttime="20240104 11:21:14.646" endtime="20240104 11:21:14.650"/>
</kw>
<kw name="Sleep" library="BuiltIn">
<arg>500ms</arg>
<doc>Pauses the test executed for the given time.</doc>
<msg timestamp="20240104 11:21:15.152" level="INFO">Slept 500 milliseconds</msg>
<status status="PASS" starttime="20240104 11:21:14.650" endtime="20240104 11:21:15.152"/>
</kw>
<kw name="Click Element" library="Selenium2Library">
<arg>${locator}</arg>
<doc>Click the element identified by ``locator``.</doc>
<msg timestamp="20240104 11:21:15.155" level="INFO">Clicking element '//*[text()='搜尋']'.</msg>
<status status="PASS" starttime="20240104 11:21:15.153" endtime="20240104 11:21:15.194"/>
</kw>
<status status="PASS" starttime="20240104 11:21:14.624" endtime="20240104 11:21:15.194"/>
</kw>
<kw name="Sleep" library="BuiltIn">
<arg>500ms</arg>
<doc>Pauses the test executed for the given time.</doc>
<msg timestamp="20240104 11:21:15.695" level="INFO">Slept 500 milliseconds</msg>
<status status="PASS" starttime="20240104 11:21:15.195" endtime="20240104 11:21:15.696"/>
</kw>
<kw name="Verify the testcase is pass (data is existed)" library="Action">
<arg>//*[contains(text(),'${data_name}')]</arg>
<kw name="Wait Until Element Is Visible" library="Selenium2Library">
<arg>${locator}</arg>
<arg>10s</arg>
<doc>Waits until the element ``locator`` is visible.</doc>
<status status="PASS" starttime="20240104 11:21:15.698" endtime="20240104 11:21:15.720"/>
</kw>
<kw name="Sleep" library="BuiltIn">
<arg>1s</arg>
<doc>Pauses the test executed for the given time.</doc>
<msg timestamp="20240104 11:21:16.722" level="INFO">Slept 1 second</msg>
<status status="PASS" starttime="20240104 11:21:15.720" endtime="20240104 11:21:16.722"/>
</kw>
<status status="PASS" starttime="20240104 11:21:15.696" endtime="20240104 11:21:16.722"/>
</kw>
<status status="PASS" starttime="20240104 11:21:08.382" endtime="20240104 11:21:16.723"/>
</kw>
<kw name="Asset data dropdown list Read Verify" library="Data_dropdown_list">
<arg>${hard_data_name}</arg>
<kw name="Read data" library="Data_dropdown_list">
<arg>${data_name}</arg>
<kw name="Wait And Click" library="Action">
<arg>//td[contains(text(),'${locator}')]</arg>
<kw name="Wait Until Element Is Visible" library="Selenium2Library">
<arg>${locator}</arg>
<doc>Waits until the element ``locator`` is visible.</doc>
<status status="PASS" starttime="20240104 11:21:16.725" endtime="20240104 11:21:16.747"/>
</kw>
<kw name="Wait Until Element Is Enabled" library="Selenium2Library">
<arg>${locator}</arg>
<doc>Waits until the element ``locator`` is enabled.</doc>
<status status="PASS" starttime="20240104 11:21:16.747" endtime="20240104 11:21:16.762"/>
</kw>
<kw name="Wait Until Page Contains Element" library="Selenium2Library">
<arg>${locator}</arg>
<arg>10s</arg>
<doc>Waits until the element ``locator`` appears on the current page.</doc>
<status status="PASS" starttime="20240104 11:21:16.762" endtime="20240104 11:21:16.767"/>
</kw>
<kw name="Sleep" library="BuiltIn">
<arg>500ms</arg>
<doc>Pauses the test executed for the given time.</doc>
<msg timestamp="20240104 11:21:17.269" level="INFO">Slept 500 milliseconds</msg>
<status status="PASS" starttime="20240104 11:21:16.767" endtime="20240104 11:21:17.270"/>
</kw>
<kw name="Click Element" library="Selenium2Library">
<arg>${locator}</arg>
<doc>Click the element identified by ``locator``.</doc>
<msg timestamp="20240104 11:21:17.272" level="INFO">Clicking element '//td[contains(text(),'hard_data_name')]'.</msg>
<status status="PASS" starttime="20240104 11:21:17.270" endtime="20240104 11:21:17.307"/>
</kw>
<status status="PASS" starttime="20240104 11:21:16.725" endtime="20240104 11:21:17.307"/>
</kw>
<kw name="Sleep" library="BuiltIn">
<arg>500ms</arg>
<doc>Pauses the test executed for the given time.</doc>
<msg timestamp="20240104 11:21:17.809" level="INFO">Slept 500 milliseconds</msg>
<status status="PASS" starttime="20240104 11:21:17.307" endtime="20240104 11:21:17.809"/>
</kw>
<kw name="Mouse Over" library="Selenium2Library">
<arg>//tr[@class='p-element p-selectable-row ng-star-inserted p-highlight']//td[@class='dropdown']</arg>
<doc>Simulates hovering the mouse over the element ``locator``.</doc>
<msg timestamp="20240104 11:21:17.809" level="INFO">Simulating Mouse Over on element '//tr[@class='p-element p-selectable-row ng-star-inserted p-highlight']//td[@class='dropdown']'.</msg>
<status status="PASS" starttime="20240104 11:21:17.809" endtime="20240104 11:21:18.089"/>
</kw>
<kw name="Mouse Over" library="Selenium2Library">
<arg>//tr[@class='p-element p-selectable-row ng-star-inserted p-highlight']//li[1]//*[contains(text(),' 查看 ')]</arg>
<doc>Simulates hovering the mouse over the element ``locator``.</doc>
<msg timestamp="20240104 11:21:18.091" level="INFO">Simulating Mouse Over on element '//tr[@class='p-element p-selectable-row ng-star-inserted p-highlight']//li[1]//*[contains(text(),' 查看 ')]'.</msg>
<status status="FAIL" starttime="20240104 11:21:18.089" endtime="20240104 11:21:18.187"/>
</kw>
<kw name="Sleep" library="BuiltIn">
<arg>500ms</arg>
<doc>Pauses the test executed for the given time.</doc>
<status status="NOT RUN" starttime="20240104 11:21:18.188" endtime="20240104 11:21:18.188"/>
</kw>
<kw name="Wait And Click" library="Action">
<arg>//tr[@class='p-element p-selectable-row ng-star-inserted p-highlight']//li[1]//*[contains(text(),' 查看 ')]</arg>
<status status="NOT RUN" starttime="20240104 11:21:18.188" endtime="20240104 11:21:18.188"/>
</kw>
<kw name="Sleep" library="BuiltIn">
<arg>500ms</arg>
<doc>Pauses the test executed for the given time.</doc>
<status status="NOT RUN" starttime="20240104 11:21:18.188" endtime="20240104 11:21:18.188"/>
</kw>
<status status="FAIL" starttime="20240104 11:21:16.724" endtime="20240104 11:21:18.188"/>
</kw>
<kw name="Verify the testcase is pass (data is existed)" library="Action">
<arg>//*[contains(text(),'${read_data_title}')]</arg>
<status status="NOT RUN" starttime="20240104 11:21:18.189" endtime="20240104 11:21:18.189"/>
</kw>
<kw name="Verify the testcase is pass (data is existed)" library="Action">
<arg>//*[contains(text(),'${data_name}')]</arg>
<status status="NOT RUN" starttime="20240104 11:21:18.189" endtime="20240104 11:21:18.189"/>
</kw>
<kw name="Run Keyword And Return Status" library="BuiltIn">
<var>${user_status}</var>
<arg>Wait Until Element Is Visible</arg>
<arg>//*[contains(text(),'${read_data_edit_project}')]</arg>
<doc>Runs the given keyword with given arguments and returns the status as a Boolean value.</doc>
<status status="NOT RUN" starttime="20240104 11:21:18.189" endtime="20240104 11:21:18.189"/>
</kw>
<kw name="Run Keyword If" library="BuiltIn">
<arg>'${user_status}' == '${true}'</arg>
<arg>Asset data dropdown list Read Verify for Operations Supervisor</arg>
<arg>${data_name}</arg>
<doc>Runs the given keyword with the given arguments, if ``condition`` is true.</doc>
<status status="NOT RUN" starttime="20240104 11:21:18.190" endtime="20240104 11:21:18.190"/>
</kw>
<kw name="Read data change" library="Data_dropdown_list">
<status status="NOT RUN" starttime="20240104 11:21:18.190" endtime="20240104 11:21:18.190"/>
</kw>
<kw name="Verify the testcase is pass (data is existed)" library="Action">
<arg>//*[contains(text(),'${change_time_name}')]</arg>
<status status="NOT RUN" starttime="20240104 11:21:18.190" endtime="20240104 11:21:18.190"/>
</kw>
<kw name="Read data history" library="Data_dropdown_list">
<status status="NOT RUN" starttime="20240104 11:21:18.190" endtime="20240104 11:21:18.190"/>
</kw>
<kw name="Verify the testcase is pass (data is existed)" library="Action">
<arg>//*[contains(text(),'${history_time_name}')]</arg>
<status status="NOT RUN" starttime="20240104 11:21:18.190" endtime="20240104 11:21:18.190"/>
</kw>
<kw name="Wait And Click" library="Action">
<arg>//*[contains(text(),'確定')]</arg>
<status status="NOT RUN" starttime="20240104 11:21:18.190" endtime="20240104 11:21:18.190"/>
</kw>
<status status="FAIL" starttime="20240104 11:21:16.723" endtime="20240104 11:21:18.190"/>
</kw>
<kw name="Search data" library="Asset_management">
<arg>${soft_data_name}</arg>
<status status="NOT RUN" starttime="20240104 11:21:18.191" endtime="20240104 11:21:18.191"/>
</kw>
<kw name="Asset data dropdown list Read Verify" library="Data_dropdown_list">
<arg>${soft_data_name}</arg>
<status status="NOT RUN" starttime="20240104 11:21:18.191" endtime="20240104 11:21:18.191"/>
</kw>
<kw name="Search data" library="Asset_management">
<arg>${data_data_name}</arg>
<status status="NOT RUN" starttime="20240104 11:21:18.191" endtime="20240104 11:21:18.191"/>
</kw>
<kw name="Asset data dropdown list Read Verify" library="Data_dropdown_list">
<arg>${data_data_name}</arg>
<status status="NOT RUN" starttime="20240104 11:21:18.191" endtime="20240104 11:21:18.191"/>
</kw>
<kw name="Search data" library="Asset_management">
<arg>${paper_data_name}</arg>
<status status="NOT RUN" starttime="20240104 11:21:18.192" endtime="20240104 11:21:18.192"/>
</kw>
<kw name="Asset data dropdown list Read Verify" library="Data_dropdown_list">
<arg>${paper_data_name}</arg>
<status status="NOT RUN" starttime="20240104 11:21:18.192" endtime="20240104 11:21:18.192"/>
</kw>
<kw name="Search data" library="Asset_management">
<arg>${people_data_name}</arg>
<status status="NOT RUN" starttime="20240104 11:21:18.192" endtime="20240104 11:21:18.192"/>
</kw>
<kw name="Asset data dropdown list Read Verify" library="Data_dropdown_list">
<arg>${people_data_name}</arg>
<status status="NOT RUN" starttime="20240104 11:21:18.192" endtime="20240104 11:21:18.192"/>
</kw>
<kw name="Close Browser" library="Selenium2Library">
<doc>Closes the current browser.</doc>
<status status="NOT RUN" starttime="20240104 11:21:18.192" endtime="20240104 11:21:18.192"/>
</kw>
<kw name="Run Keyword If Test Failed" library="BuiltIn" type="TEARDOWN">
<arg>Capture Page Screenshot</arg>
<doc>Runs the given keyword with the given arguments, if the test failed.</doc>
<kw name="Capture Page Screenshot" library="Selenium2Library">
<doc>Takes a screenshot of the current page and embeds it into a log file.</doc>
<msg timestamp="20240104 11:21:18.194" level="WARN">Retrying (Retry(total=2, connect=None, read=None, redirect=None, status=None)) after connection broken by 'NewConnectionError('&lt;urllib3.connection.HTTPConnection object at 0x1041f9d50&gt;: Failed to establish a new connection: [Errno 61] Connection refused')': /session/b87f5c1deda04e974fa0134e26c540b7/screenshot</msg>
<msg timestamp="20240104 11:21:18.195" level="WARN">Retrying (Retry(total=1, connect=None, read=None, redirect=None, status=None)) after connection broken by 'NewConnectionError('&lt;urllib3.connection.HTTPConnection object at 0x1041f8f70&gt;: Failed to establish a new connection: [Errno 61] Connection refused')': /session/b87f5c1deda04e974fa0134e26c540b7/screenshot</msg>
<msg timestamp="20240104 11:21:18.196" level="WARN">Retrying (Retry(total=0, connect=None, read=None, redirect=None, status=None)) after connection broken by 'NewConnectionError('&lt;urllib3.connection.HTTPConnection object at 0x1041f9360&gt;: Failed to establish a new connection: [Errno 61] Connection refused')': /session/b87f5c1deda04e974fa0134e26c540b7/screenshot</msg>
<msg timestamp="20240104 11:21:18.197" level="FAIL">MaxRetryError: HTTPConnectionPool(host='localhost', port=50958): Max retries exceeded with url: /session/b87f5c1deda04e974fa0134e26c540b7/screenshot (Caused by NewConnectionError('&lt;urllib3.connection.HTTPConnection object at 0x1041fba60&gt;: Failed to establish a new connection: [Errno 61] Connection refused'))</msg>
<status status="FAIL" starttime="20240104 11:21:18.193" endtime="20240104 11:21:18.203"/>
</kw>
<status status="FAIL" starttime="20240104 11:21:18.193" endtime="20240104 11:21:18.203">MaxRetryError: HTTPConnectionPool(host='localhost', port=50958): Max retries exceeded with url: /session/b87f5c1deda04e974fa0134e26c540b7/screenshot (Caused by NewConnectionError('&lt;urllib3.connection.HTTPConnection object at 0x1041fba60&gt;: Failed to establish a new connection: [Errno 61] Connection refused'))</status>
</kw>
<status status="FAIL" starttime="20240104 11:21:07.297" endtime="20240104 11:21:18.203">Execution terminated by signal

Also teardown failed:
MaxRetryError: HTTPConnectionPool(host='localhost', port=50958): Max retries exceeded with url: /session/b87f5c1deda04e974fa0134e26c540b7/screenshot (Caused by NewConnectionError('&lt;urllib3.connection.HTTPConnection object at 0x1041fba60&gt;: Failed to establish a new connection: [Errno 61] Connection refused'))</status>
</test>
<kw name="Close Browser" library="Selenium2Library" type="TEARDOWN">
<doc>Closes the current browser.</doc>
<msg timestamp="20240104 11:21:18.205" level="WARN">Retrying (Retry(total=2, connect=None, read=None, redirect=None, status=None)) after connection broken by 'NewConnectionError('&lt;urllib3.connection.HTTPConnection object at 0x1042e4e80&gt;: Failed to establish a new connection: [Errno 61] Connection refused')': /session/b87f5c1deda04e974fa0134e26c540b7</msg>
<msg timestamp="20240104 11:21:18.206" level="WARN">Retrying (Retry(total=1, connect=None, read=None, redirect=None, status=None)) after connection broken by 'NewConnectionError('&lt;urllib3.connection.HTTPConnection object at 0x1042e70d0&gt;: Failed to establish a new connection: [Errno 61] Connection refused')': /session/b87f5c1deda04e974fa0134e26c540b7</msg>
<msg timestamp="20240104 11:21:18.206" level="WARN">Retrying (Retry(total=0, connect=None, read=None, redirect=None, status=None)) after connection broken by 'NewConnectionError('&lt;urllib3.connection.HTTPConnection object at 0x1041f8cd0&gt;: Failed to establish a new connection: [Errno 61] Connection refused')': /session/b87f5c1deda04e974fa0134e26c540b7</msg>
<status status="PASS" starttime="20240104 11:21:18.204" endtime="20240104 11:21:18.211"/>
</kw>
<status status="FAIL" starttime="20240104 11:21:05.778" endtime="20240104 11:21:18.211"/>
</suite>
<statistics>
<total>
<stat pass="0" fail="1" skip="0">All Tests</stat>
</total>
<tag>
</tag>
<suite>
<stat pass="0" fail="1" skip="0" id="s1" name="System Admin">System Admin</stat>
</suite>
</statistics>
<errors>
<msg timestamp="20240104 11:21:05.855" level="ERROR">Error in file '/Users/cfh00896878/iasm-test-automation/Resource/Action.robot' on line 3: Importing library 'AutoItLibrary' failed: ModuleNotFoundError: No module named 'AutoItLibrary'
Traceback (most recent call last):
  None
PYTHONPATH:
  /Library/Frameworks/Python.framework/Versions/3.10/bin
  /Library/Frameworks/Python.framework/Versions/3.10/lib/python310.zip
  /Library/Frameworks/Python.framework/Versions/3.10/lib/python3.10
  /Library/Frameworks/Python.framework/Versions/3.10/lib/python3.10/lib-dynload
  /Library/Frameworks/Python.framework/Versions/3.10/lib/python3.10/site-packages</msg>
<msg timestamp="20240104 11:21:18.194" level="WARN">Retrying (Retry(total=2, connect=None, read=None, redirect=None, status=None)) after connection broken by 'NewConnectionError('&lt;urllib3.connection.HTTPConnection object at 0x1041f9d50&gt;: Failed to establish a new connection: [Errno 61] Connection refused')': /session/b87f5c1deda04e974fa0134e26c540b7/screenshot</msg>
<msg timestamp="20240104 11:21:18.195" level="WARN">Retrying (Retry(total=1, connect=None, read=None, redirect=None, status=None)) after connection broken by 'NewConnectionError('&lt;urllib3.connection.HTTPConnection object at 0x1041f8f70&gt;: Failed to establish a new connection: [Errno 61] Connection refused')': /session/b87f5c1deda04e974fa0134e26c540b7/screenshot</msg>
<msg timestamp="20240104 11:21:18.196" level="WARN">Retrying (Retry(total=0, connect=None, read=None, redirect=None, status=None)) after connection broken by 'NewConnectionError('&lt;urllib3.connection.HTTPConnection object at 0x1041f9360&gt;: Failed to establish a new connection: [Errno 61] Connection refused')': /session/b87f5c1deda04e974fa0134e26c540b7/screenshot</msg>
<msg timestamp="20240104 11:21:18.205" level="WARN">Retrying (Retry(total=2, connect=None, read=None, redirect=None, status=None)) after connection broken by 'NewConnectionError('&lt;urllib3.connection.HTTPConnection object at 0x1042e4e80&gt;: Failed to establish a new connection: [Errno 61] Connection refused')': /session/b87f5c1deda04e974fa0134e26c540b7</msg>
<msg timestamp="20240104 11:21:18.206" level="WARN">Retrying (Retry(total=1, connect=None, read=None, redirect=None, status=None)) after connection broken by 'NewConnectionError('&lt;urllib3.connection.HTTPConnection object at 0x1042e70d0&gt;: Failed to establish a new connection: [Errno 61] Connection refused')': /session/b87f5c1deda04e974fa0134e26c540b7</msg>
<msg timestamp="20240104 11:21:18.206" level="WARN">Retrying (Retry(total=0, connect=None, read=None, redirect=None, status=None)) after connection broken by 'NewConnectionError('&lt;urllib3.connection.HTTPConnection object at 0x1041f8cd0&gt;: Failed to establish a new connection: [Errno 61] Connection refused')': /session/b87f5c1deda04e974fa0134e26c540b7</msg>
</errors>
</robot>
