<?xml version="1.0" encoding="UTF-8"?>
<robot generator="Robot 6.1 (Python 3.11.5 on win32)" generated="20240627 17:12:04.296" rpa="false" schemaversion="4">
<suite id="s1" name="Test Code" source="C:\資產管理平台\auto\testcase\iasm-test-automation\test_code.robot">
<kw name="Open Browser Chrome and use user" library="Login" type="SETUP">
<kw name="Create Dictionary" library="BuiltIn">
<var>${prefs}</var>
<arg>download.default_directory=${OUTPUT_DIR}</arg>
<doc>Creates and returns a dictionary based on the given ``items``.</doc>
<msg timestamp="20240627 17:12:04.565" level="INFO">${prefs} = {'download.default_directory': 'C:\\Users\\TPI'}</msg>
<status status="PASS" starttime="20240627 17:12:04.565" endtime="20240627 17:12:04.565"/>
</kw>
<kw name="Evaluate" library="BuiltIn">
<var>${chrome_options}</var>
<arg>sys.modules['selenium.webdriver'].ChromeOptions()</arg>
<arg>sys, selenium.webdriver</arg>
<doc>Evaluates the given expression in Python and returns the result.</doc>
<msg timestamp="20240627 17:12:04.565" level="INFO">${chrome_options} = &lt;selenium.webdriver.chrome.options.Options object at 0x000002AEC863BD10&gt;</msg>
<status status="PASS" starttime="20240627 17:12:04.565" endtime="20240627 17:12:04.565"/>
</kw>
<kw name="Call Method" library="BuiltIn">
<arg>${chrome_options}</arg>
<arg>add_experimental_option</arg>
<arg>prefs</arg>
<arg>${prefs}</arg>
<doc>Calls the named method of the given object with the provided arguments.</doc>
<status status="PASS" starttime="20240627 17:12:04.565" endtime="20240627 17:12:04.565"/>
</kw>
<kw name="Open Browser" library="Selenium2Library">
<arg>${URL}</arg>
<arg>chrome</arg>
<arg>options=${chrome_options}</arg>
<doc>Opens a new browser instance to the optional ``url``.</doc>
<msg timestamp="20240627 17:12:04.565" level="INFO">Opening browser 'chrome' to base url 'https://iasm-lab.net/change-role'.</msg>
<status status="PASS" starttime="20240627 17:12:04.565" endtime="20240627 17:12:06.870"/>
</kw>
<kw name="Maximize Browser Window" library="Selenium2Library">
<doc>Maximizes current browser window.</doc>
<status status="PASS" starttime="20240627 17:12:06.870" endtime="20240627 17:12:06.910"/>
</kw>
<status status="PASS" starttime="20240627 17:12:04.565" endtime="20240627 17:12:06.910"/>
</kw>
<test id="s1-t1" name="地端角色登入確認" line="23">
<kw name="Login Attention" library="Login">
<kw name="Wait And Click" library="Action">
<arg>//button[contains(@label,'${Attention}')]</arg>
<kw name="Wait Until Element Is Visible" library="Selenium2Library">
<arg>${locator}</arg>
<arg>timeout=30s</arg>
<doc>Waits until the element ``locator`` is visible.</doc>
<status status="PASS" starttime="20240627 17:12:06.912" endtime="20240627 17:12:06.963"/>
</kw>
<kw name="Wait Until Element Is Enabled" library="Selenium2Library">
<arg>${locator}</arg>
<arg>timeout=30s</arg>
<doc>Waits until the element ``locator`` is enabled.</doc>
<status status="PASS" starttime="20240627 17:12:06.963" endtime="20240627 17:12:07.005"/>
</kw>
<kw name="Wait Until Page Contains Element" library="Selenium2Library">
<arg>${locator}</arg>
<arg>timeout=30s</arg>
<doc>Waits until the element ``locator`` appears on the current page.</doc>
<status status="PASS" starttime="20240627 17:12:07.005" endtime="20240627 17:12:07.015"/>
</kw>
<kw name="Sleep" library="BuiltIn">
<arg>500ms</arg>
<doc>Pauses the test executed for the given time.</doc>
<msg timestamp="20240627 17:12:07.516" level="INFO">Slept 500 milliseconds</msg>
<status status="PASS" starttime="20240627 17:12:07.015" endtime="20240627 17:12:07.516"/>
</kw>
<kw name="Click Element" library="Selenium2Library">
<arg>${locator}</arg>
<doc>Click the element identified by ``locator``.</doc>
<msg timestamp="20240627 17:12:07.516" level="INFO">Clicking element '//button[contains(@label,'經辦')]'.</msg>
<status status="PASS" starttime="20240627 17:12:07.516" endtime="20240627 17:12:07.566"/>
</kw>
<kw name="Sleep" library="BuiltIn">
<arg>500ms</arg>
<doc>Pauses the test executed for the given time.</doc>
<msg timestamp="20240627 17:12:08.067" level="INFO">Slept 500 milliseconds</msg>
<status status="PASS" starttime="20240627 17:12:07.566" endtime="20240627 17:12:08.067"/>
</kw>
<status status="PASS" starttime="20240627 17:12:06.912" endtime="20240627 17:12:08.067"/>
</kw>
<kw name="Check_panel_is_ready" library="Login">
<for flavor="IN RANGE">
<var>${i}</var>
<value>1</value>
<value>10</value>
<iter>
<var name="${i}">1</var>
<kw name="Run Keyword And Return Status" library="BuiltIn">
<var>${loading_status}</var>
<arg>Wait Until Element Is Visible</arg>
<arg>//svg[@class="p-progress-spinner-svg"]</arg>
<arg>timeout=3</arg>
<doc>Runs the given keyword with given arguments and returns the status as a Boolean value.</doc>
<kw name="Wait Until Element Is Visible" library="Selenium2Library">
<arg>//svg[@class="p-progress-spinner-svg"]</arg>
<arg>timeout=3</arg>
<doc>Waits until the element ``locator`` is visible.</doc>
<msg timestamp="20240627 17:12:11.085" level="FAIL">Element '//svg[@class="p-progress-spinner-svg"]' not visible after 3 seconds.</msg>
<status status="FAIL" starttime="20240627 17:12:08.067" endtime="20240627 17:12:11.085"/>
</kw>
<msg timestamp="20240627 17:12:11.085" level="INFO">${loading_status} = False</msg>
<status status="PASS" starttime="20240627 17:12:08.067" endtime="20240627 17:12:11.085"/>
</kw>
<kw name="Run Keyword If" library="BuiltIn">
<arg>'${loading_status}' == '${true}'</arg>
<arg>Reload Page</arg>
<doc>Runs the given keyword with the given arguments, if ``condition`` is true.</doc>
<status status="PASS" starttime="20240627 17:12:11.085" endtime="20240627 17:12:11.085"/>
</kw>
<kw name="Exit For Loop If" library="BuiltIn">
<arg>'${loading_status}' == '${false}'</arg>
<doc>Stops executing the enclosing FOR loop if the ``condition`` is true.</doc>
<msg timestamp="20240627 17:12:11.085" level="INFO">Exiting for loop altogether.</msg>
<status status="PASS" starttime="20240627 17:12:11.085" endtime="20240627 17:12:11.085"/>
</kw>
<status status="PASS" starttime="20240627 17:12:08.067" endtime="20240627 17:12:11.085"/>
</iter>
<status status="PASS" starttime="20240627 17:12:08.067" endtime="20240627 17:12:11.085"/>
</for>
<status status="PASS" starttime="20240627 17:12:08.067" endtime="20240627 17:12:11.085"/>
</kw>
<kw name="Sleep" library="BuiltIn">
<arg>500ms</arg>
<doc>Pauses the test executed for the given time.</doc>
<msg timestamp="20240627 17:12:11.585" level="INFO">Slept 500 milliseconds</msg>
<status status="PASS" starttime="20240627 17:12:11.085" endtime="20240627 17:12:11.585"/>
</kw>
<status status="PASS" starttime="20240627 17:12:06.912" endtime="20240627 17:12:11.585"/>
</kw>
<kw name="Close Browser" library="Selenium2Library">
<doc>Closes the current browser.</doc>
<status status="PASS" starttime="20240627 17:12:11.585" endtime="20240627 17:12:13.784"/>
</kw>
<kw name="Open Browser Chrome and use user" library="Login">
<kw name="Create Dictionary" library="BuiltIn">
<var>${prefs}</var>
<arg>download.default_directory=${OUTPUT_DIR}</arg>
<doc>Creates and returns a dictionary based on the given ``items``.</doc>
<msg timestamp="20240627 17:12:13.784" level="INFO">${prefs} = {'download.default_directory': 'C:\\Users\\TPI'}</msg>
<status status="PASS" starttime="20240627 17:12:13.784" endtime="20240627 17:12:13.784"/>
</kw>
<kw name="Evaluate" library="BuiltIn">
<var>${chrome_options}</var>
<arg>sys.modules['selenium.webdriver'].ChromeOptions()</arg>
<arg>sys, selenium.webdriver</arg>
<doc>Evaluates the given expression in Python and returns the result.</doc>
<msg timestamp="20240627 17:12:13.784" level="INFO">${chrome_options} = &lt;selenium.webdriver.chrome.options.Options object at 0x000002AEC8670690&gt;</msg>
<status status="PASS" starttime="20240627 17:12:13.784" endtime="20240627 17:12:13.784"/>
</kw>
<kw name="Call Method" library="BuiltIn">
<arg>${chrome_options}</arg>
<arg>add_experimental_option</arg>
<arg>prefs</arg>
<arg>${prefs}</arg>
<doc>Calls the named method of the given object with the provided arguments.</doc>
<status status="PASS" starttime="20240627 17:12:13.784" endtime="20240627 17:12:13.784"/>
</kw>
<kw name="Open Browser" library="Selenium2Library">
<arg>${URL}</arg>
<arg>chrome</arg>
<arg>options=${chrome_options}</arg>
<doc>Opens a new browser instance to the optional ``url``.</doc>
<msg timestamp="20240627 17:12:13.784" level="INFO">Opening browser 'chrome' to base url 'https://iasm-lab.net/change-role'.</msg>
<status status="PASS" starttime="20240627 17:12:13.784" endtime="20240627 17:12:15.378"/>
</kw>
<kw name="Maximize Browser Window" library="Selenium2Library">
<doc>Maximizes current browser window.</doc>
<status status="PASS" starttime="20240627 17:12:15.378" endtime="20240627 17:12:15.412"/>
</kw>
<status status="PASS" starttime="20240627 17:12:13.784" endtime="20240627 17:12:15.412"/>
</kw>
<kw name="Login Operations Supervisor" library="Login">
<kw name="Wait And Click" library="Action">
<arg>//button[contains(@label,'${Operations_Supervisor}')]</arg>
<kw name="Wait Until Element Is Visible" library="Selenium2Library">
<arg>${locator}</arg>
<arg>timeout=30s</arg>
<doc>Waits until the element ``locator`` is visible.</doc>
<status status="PASS" starttime="20240627 17:12:15.413" endtime="20240627 17:12:15.459"/>
</kw>
<kw name="Wait Until Element Is Enabled" library="Selenium2Library">
<arg>${locator}</arg>
<arg>timeout=30s</arg>
<doc>Waits until the element ``locator`` is enabled.</doc>
<status status="PASS" starttime="20240627 17:12:15.459" endtime="20240627 17:12:15.508"/>
</kw>
<kw name="Wait Until Page Contains Element" library="Selenium2Library">
<arg>${locator}</arg>
<arg>timeout=30s</arg>
<doc>Waits until the element ``locator`` appears on the current page.</doc>
<status status="PASS" starttime="20240627 17:12:15.508" endtime="20240627 17:12:15.520"/>
</kw>
<kw name="Sleep" library="BuiltIn">
<arg>500ms</arg>
<doc>Pauses the test executed for the given time.</doc>
<msg timestamp="20240627 17:12:16.021" level="INFO">Slept 500 milliseconds</msg>
<status status="PASS" starttime="20240627 17:12:15.521" endtime="20240627 17:12:16.021"/>
</kw>
<kw name="Click Element" library="Selenium2Library">
<arg>${locator}</arg>
<doc>Click the element identified by ``locator``.</doc>
<msg timestamp="20240627 17:12:16.021" level="INFO">Clicking element '//button[contains(@label,'科級主管')]'.</msg>
<status status="PASS" starttime="20240627 17:12:16.021" endtime="20240627 17:12:16.076"/>
</kw>
<kw name="Sleep" library="BuiltIn">
<arg>500ms</arg>
<doc>Pauses the test executed for the given time.</doc>
<msg timestamp="20240627 17:12:16.576" level="INFO">Slept 500 milliseconds</msg>
<status status="PASS" starttime="20240627 17:12:16.076" endtime="20240627 17:12:16.576"/>
</kw>
<status status="PASS" starttime="20240627 17:12:15.413" endtime="20240627 17:12:16.576"/>
</kw>
<kw name="Check_panel_is_ready" library="Login">
<for flavor="IN RANGE">
<var>${i}</var>
<value>1</value>
<value>10</value>
<iter>
<var name="${i}">1</var>
<kw name="Run Keyword And Return Status" library="BuiltIn">
<var>${loading_status}</var>
<arg>Wait Until Element Is Visible</arg>
<arg>//svg[@class="p-progress-spinner-svg"]</arg>
<arg>timeout=3</arg>
<doc>Runs the given keyword with given arguments and returns the status as a Boolean value.</doc>
<kw name="Wait Until Element Is Visible" library="Selenium2Library">
<arg>//svg[@class="p-progress-spinner-svg"]</arg>
<arg>timeout=3</arg>
<doc>Waits until the element ``locator`` is visible.</doc>
<msg timestamp="20240627 17:12:19.590" level="FAIL">Element '//svg[@class="p-progress-spinner-svg"]' not visible after 3 seconds.</msg>
<status status="FAIL" starttime="20240627 17:12:16.576" endtime="20240627 17:12:19.590"/>
</kw>
<msg timestamp="20240627 17:12:19.590" level="INFO">${loading_status} = False</msg>
<status status="PASS" starttime="20240627 17:12:16.576" endtime="20240627 17:12:19.590"/>
</kw>
<kw name="Run Keyword If" library="BuiltIn">
<arg>'${loading_status}' == '${true}'</arg>
<arg>Reload Page</arg>
<doc>Runs the given keyword with the given arguments, if ``condition`` is true.</doc>
<status status="PASS" starttime="20240627 17:12:19.590" endtime="20240627 17:12:19.591"/>
</kw>
<kw name="Exit For Loop If" library="BuiltIn">
<arg>'${loading_status}' == '${false}'</arg>
<doc>Stops executing the enclosing FOR loop if the ``condition`` is true.</doc>
<msg timestamp="20240627 17:12:19.591" level="INFO">Exiting for loop altogether.</msg>
<status status="PASS" starttime="20240627 17:12:19.591" endtime="20240627 17:12:19.591"/>
</kw>
<status status="PASS" starttime="20240627 17:12:16.576" endtime="20240627 17:12:19.591"/>
</iter>
<status status="PASS" starttime="20240627 17:12:16.576" endtime="20240627 17:12:19.591"/>
</for>
<status status="PASS" starttime="20240627 17:12:16.576" endtime="20240627 17:12:19.591"/>
</kw>
<kw name="Sleep" library="BuiltIn">
<arg>500ms</arg>
<doc>Pauses the test executed for the given time.</doc>
<msg timestamp="20240627 17:12:20.092" level="INFO">Slept 500 milliseconds</msg>
<status status="PASS" starttime="20240627 17:12:19.591" endtime="20240627 17:12:20.092"/>
</kw>
<status status="PASS" starttime="20240627 17:12:15.412" endtime="20240627 17:12:20.092"/>
</kw>
<kw name="Close Browser" library="Selenium2Library">
<doc>Closes the current browser.</doc>
<status status="PASS" starttime="20240627 17:12:20.093" endtime="20240627 17:12:22.248"/>
</kw>
<kw name="Open Browser Chrome and use user" library="Login">
<kw name="Create Dictionary" library="BuiltIn">
<var>${prefs}</var>
<arg>download.default_directory=${OUTPUT_DIR}</arg>
<doc>Creates and returns a dictionary based on the given ``items``.</doc>
<msg timestamp="20240627 17:12:22.249" level="INFO">${prefs} = {'download.default_directory': 'C:\\Users\\TPI'}</msg>
<status status="PASS" starttime="20240627 17:12:22.249" endtime="20240627 17:12:22.249"/>
</kw>
<kw name="Evaluate" library="BuiltIn">
<var>${chrome_options}</var>
<arg>sys.modules['selenium.webdriver'].ChromeOptions()</arg>
<arg>sys, selenium.webdriver</arg>
<doc>Evaluates the given expression in Python and returns the result.</doc>
<msg timestamp="20240627 17:12:22.249" level="INFO">${chrome_options} = &lt;selenium.webdriver.chrome.options.Options object at 0x000002AEC8675E90&gt;</msg>
<status status="PASS" starttime="20240627 17:12:22.249" endtime="20240627 17:12:22.249"/>
</kw>
<kw name="Call Method" library="BuiltIn">
<arg>${chrome_options}</arg>
<arg>add_experimental_option</arg>
<arg>prefs</arg>
<arg>${prefs}</arg>
<doc>Calls the named method of the given object with the provided arguments.</doc>
<status status="PASS" starttime="20240627 17:12:22.249" endtime="20240627 17:12:22.249"/>
</kw>
<kw name="Open Browser" library="Selenium2Library">
<arg>${URL}</arg>
<arg>chrome</arg>
<arg>options=${chrome_options}</arg>
<doc>Opens a new browser instance to the optional ``url``.</doc>
<msg timestamp="20240627 17:12:22.249" level="INFO">Opening browser 'chrome' to base url 'https://iasm-lab.net/change-role'.</msg>
<status status="PASS" starttime="20240627 17:12:22.249" endtime="20240627 17:12:23.847"/>
</kw>
<kw name="Maximize Browser Window" library="Selenium2Library">
<doc>Maximizes current browser window.</doc>
<status status="PASS" starttime="20240627 17:12:23.847" endtime="20240627 17:12:23.889"/>
</kw>
<status status="PASS" starttime="20240627 17:12:22.249" endtime="20240627 17:12:23.889"/>
</kw>
<kw name="Login ISOAttention" library="Login">
<kw name="Wait And Click" library="Action">
<arg>//button[contains(@label,'${ISOAttention}')]</arg>
<kw name="Wait Until Element Is Visible" library="Selenium2Library">
<arg>${locator}</arg>
<arg>timeout=30s</arg>
<doc>Waits until the element ``locator`` is visible.</doc>
<status status="PASS" starttime="20240627 17:12:23.889" endtime="20240627 17:12:23.927"/>
</kw>
<kw name="Wait Until Element Is Enabled" library="Selenium2Library">
<arg>${locator}</arg>
<arg>timeout=30s</arg>
<doc>Waits until the element ``locator`` is enabled.</doc>
<status status="PASS" starttime="20240627 17:12:23.928" endtime="20240627 17:12:23.971"/>
</kw>
<kw name="Wait Until Page Contains Element" library="Selenium2Library">
<arg>${locator}</arg>
<arg>timeout=30s</arg>
<doc>Waits until the element ``locator`` appears on the current page.</doc>
<status status="PASS" starttime="20240627 17:12:23.971" endtime="20240627 17:12:23.987"/>
</kw>
<kw name="Sleep" library="BuiltIn">
<arg>500ms</arg>
<doc>Pauses the test executed for the given time.</doc>
<msg timestamp="20240627 17:12:24.487" level="INFO">Slept 500 milliseconds</msg>
<status status="PASS" starttime="20240627 17:12:23.987" endtime="20240627 17:12:24.487"/>
</kw>
<kw name="Click Element" library="Selenium2Library">
<arg>${locator}</arg>
<doc>Click the element identified by ``locator``.</doc>
<msg timestamp="20240627 17:12:24.487" level="INFO">Clicking element '//button[contains(@label,'ISO經辦')]'.</msg>
<status status="PASS" starttime="20240627 17:12:24.487" endtime="20240627 17:12:24.537"/>
</kw>
<kw name="Sleep" library="BuiltIn">
<arg>500ms</arg>
<doc>Pauses the test executed for the given time.</doc>
<msg timestamp="20240627 17:12:25.038" level="INFO">Slept 500 milliseconds</msg>
<status status="PASS" starttime="20240627 17:12:24.537" endtime="20240627 17:12:25.038"/>
</kw>
<status status="PASS" starttime="20240627 17:12:23.889" endtime="20240627 17:12:25.038"/>
</kw>
<kw name="Check_panel_is_ready" library="Login">
<for flavor="IN RANGE">
<var>${i}</var>
<value>1</value>
<value>10</value>
<iter>
<var name="${i}">1</var>
<kw name="Run Keyword And Return Status" library="BuiltIn">
<var>${loading_status}</var>
<arg>Wait Until Element Is Visible</arg>
<arg>//svg[@class="p-progress-spinner-svg"]</arg>
<arg>timeout=3</arg>
<doc>Runs the given keyword with given arguments and returns the status as a Boolean value.</doc>
<kw name="Wait Until Element Is Visible" library="Selenium2Library">
<arg>//svg[@class="p-progress-spinner-svg"]</arg>
<arg>timeout=3</arg>
<doc>Waits until the element ``locator`` is visible.</doc>
<msg timestamp="20240627 17:12:28.238" level="FAIL">Element '//svg[@class="p-progress-spinner-svg"]' not visible after 3 seconds.</msg>
<status status="FAIL" starttime="20240627 17:12:25.038" endtime="20240627 17:12:28.239"/>
</kw>
<msg timestamp="20240627 17:12:28.239" level="INFO">${loading_status} = False</msg>
<status status="PASS" starttime="20240627 17:12:25.038" endtime="20240627 17:12:28.239"/>
</kw>
<kw name="Run Keyword If" library="BuiltIn">
<arg>'${loading_status}' == '${true}'</arg>
<arg>Reload Page</arg>
<doc>Runs the given keyword with the given arguments, if ``condition`` is true.</doc>
<status status="PASS" starttime="20240627 17:12:28.239" endtime="20240627 17:12:28.240"/>
</kw>
<kw name="Exit For Loop If" library="BuiltIn">
<arg>'${loading_status}' == '${false}'</arg>
<doc>Stops executing the enclosing FOR loop if the ``condition`` is true.</doc>
<msg timestamp="20240627 17:12:28.241" level="INFO">Exiting for loop altogether.</msg>
<status status="PASS" starttime="20240627 17:12:28.240" endtime="20240627 17:12:28.242"/>
</kw>
<status status="PASS" starttime="20240627 17:12:25.038" endtime="20240627 17:12:28.242"/>
</iter>
<status status="PASS" starttime="20240627 17:12:25.038" endtime="20240627 17:12:28.242"/>
</for>
<status status="PASS" starttime="20240627 17:12:25.038" endtime="20240627 17:12:28.242"/>
</kw>
<kw name="Sleep" library="BuiltIn">
<arg>500ms</arg>
<doc>Pauses the test executed for the given time.</doc>
<msg timestamp="20240627 17:12:28.743" level="INFO">Slept 500 milliseconds</msg>
<status status="PASS" starttime="20240627 17:12:28.242" endtime="20240627 17:12:28.743"/>
</kw>
<status status="PASS" starttime="20240627 17:12:23.889" endtime="20240627 17:12:28.743"/>
</kw>
<kw name="Close Browser" library="Selenium2Library">
<doc>Closes the current browser.</doc>
<status status="PASS" starttime="20240627 17:12:28.744" endtime="20240627 17:12:30.895"/>
</kw>
<kw name="Open Browser Chrome and use user" library="Login">
<kw name="Create Dictionary" library="BuiltIn">
<var>${prefs}</var>
<arg>download.default_directory=${OUTPUT_DIR}</arg>
<doc>Creates and returns a dictionary based on the given ``items``.</doc>
<msg timestamp="20240627 17:12:30.897" level="INFO">${prefs} = {'download.default_directory': 'C:\\Users\\TPI'}</msg>
<status status="PASS" starttime="20240627 17:12:30.896" endtime="20240627 17:12:30.897"/>
</kw>
<kw name="Evaluate" library="BuiltIn">
<var>${chrome_options}</var>
<arg>sys.modules['selenium.webdriver'].ChromeOptions()</arg>
<arg>sys, selenium.webdriver</arg>
<doc>Evaluates the given expression in Python and returns the result.</doc>
<msg timestamp="20240627 17:12:30.897" level="INFO">${chrome_options} = &lt;selenium.webdriver.chrome.options.Options object at 0x000002AEC4C31F50&gt;</msg>
<status status="PASS" starttime="20240627 17:12:30.897" endtime="20240627 17:12:30.897"/>
</kw>
<kw name="Call Method" library="BuiltIn">
<arg>${chrome_options}</arg>
<arg>add_experimental_option</arg>
<arg>prefs</arg>
<arg>${prefs}</arg>
<doc>Calls the named method of the given object with the provided arguments.</doc>
<status status="PASS" starttime="20240627 17:12:30.897" endtime="20240627 17:12:30.897"/>
</kw>
<kw name="Open Browser" library="Selenium2Library">
<arg>${URL}</arg>
<arg>chrome</arg>
<arg>options=${chrome_options}</arg>
<doc>Opens a new browser instance to the optional ``url``.</doc>
<msg timestamp="20240627 17:12:30.897" level="INFO">Opening browser 'chrome' to base url 'https://iasm-lab.net/change-role'.</msg>
<status status="PASS" starttime="20240627 17:12:30.897" endtime="20240627 17:12:32.393"/>
</kw>
<kw name="Maximize Browser Window" library="Selenium2Library">
<doc>Maximizes current browser window.</doc>
<status status="PASS" starttime="20240627 17:12:32.393" endtime="20240627 17:12:32.424"/>
</kw>
<status status="PASS" starttime="20240627 17:12:30.896" endtime="20240627 17:12:32.424"/>
</kw>
<kw name="Login Unit Head" library="Login">
<kw name="Wait And Click" library="Action">
<arg>//button[contains(@label,'${Unit_Head}')]</arg>
<kw name="Wait Until Element Is Visible" library="Selenium2Library">
<arg>${locator}</arg>
<arg>timeout=30s</arg>
<doc>Waits until the element ``locator`` is visible.</doc>
<status status="PASS" starttime="20240627 17:12:32.426" endtime="20240627 17:12:32.476"/>
</kw>
<kw name="Wait Until Element Is Enabled" library="Selenium2Library">
<arg>${locator}</arg>
<arg>timeout=30s</arg>
<doc>Waits until the element ``locator`` is enabled.</doc>
<status status="PASS" starttime="20240627 17:12:32.476" endtime="20240627 17:12:32.521"/>
</kw>
<kw name="Wait Until Page Contains Element" library="Selenium2Library">
<arg>${locator}</arg>
<arg>timeout=30s</arg>
<doc>Waits until the element ``locator`` appears on the current page.</doc>
<status status="PASS" starttime="20240627 17:12:32.521" endtime="20240627 17:12:32.532"/>
</kw>
<kw name="Sleep" library="BuiltIn">
<arg>500ms</arg>
<doc>Pauses the test executed for the given time.</doc>
<msg timestamp="20240627 17:12:33.033" level="INFO">Slept 500 milliseconds</msg>
<status status="PASS" starttime="20240627 17:12:32.532" endtime="20240627 17:12:33.033"/>
</kw>
<kw name="Click Element" library="Selenium2Library">
<arg>${locator}</arg>
<doc>Click the element identified by ``locator``.</doc>
<msg timestamp="20240627 17:12:33.033" level="INFO">Clicking element '//button[contains(@label,'單位主管')]'.</msg>
<status status="PASS" starttime="20240627 17:12:33.033" endtime="20240627 17:12:33.084"/>
</kw>
<kw name="Sleep" library="BuiltIn">
<arg>500ms</arg>
<doc>Pauses the test executed for the given time.</doc>
<msg timestamp="20240627 17:12:33.585" level="INFO">Slept 500 milliseconds</msg>
<status status="PASS" starttime="20240627 17:12:33.084" endtime="20240627 17:12:33.585"/>
</kw>
<status status="PASS" starttime="20240627 17:12:32.426" endtime="20240627 17:12:33.585"/>
</kw>
<kw name="Check_panel_is_ready" library="Login">
<for flavor="IN RANGE">
<var>${i}</var>
<value>1</value>
<value>10</value>
<iter>
<var name="${i}">1</var>
<kw name="Run Keyword And Return Status" library="BuiltIn">
<var>${loading_status}</var>
<arg>Wait Until Element Is Visible</arg>
<arg>//svg[@class="p-progress-spinner-svg"]</arg>
<arg>timeout=3</arg>
<doc>Runs the given keyword with given arguments and returns the status as a Boolean value.</doc>
<kw name="Wait Until Element Is Visible" library="Selenium2Library">
<arg>//svg[@class="p-progress-spinner-svg"]</arg>
<arg>timeout=3</arg>
<doc>Waits until the element ``locator`` is visible.</doc>
<msg timestamp="20240627 17:12:36.787" level="FAIL">Element '//svg[@class="p-progress-spinner-svg"]' not visible after 3 seconds.</msg>
<status status="FAIL" starttime="20240627 17:12:33.585" endtime="20240627 17:12:36.788"/>
</kw>
<msg timestamp="20240627 17:12:36.788" level="INFO">${loading_status} = False</msg>
<status status="PASS" starttime="20240627 17:12:33.585" endtime="20240627 17:12:36.788"/>
</kw>
<kw name="Run Keyword If" library="BuiltIn">
<arg>'${loading_status}' == '${true}'</arg>
<arg>Reload Page</arg>
<doc>Runs the given keyword with the given arguments, if ``condition`` is true.</doc>
<status status="PASS" starttime="20240627 17:12:36.789" endtime="20240627 17:12:36.789"/>
</kw>
<kw name="Exit For Loop If" library="BuiltIn">
<arg>'${loading_status}' == '${false}'</arg>
<doc>Stops executing the enclosing FOR loop if the ``condition`` is true.</doc>
<msg timestamp="20240627 17:12:36.790" level="INFO">Exiting for loop altogether.</msg>
<status status="PASS" starttime="20240627 17:12:36.789" endtime="20240627 17:12:36.790"/>
</kw>
<status status="PASS" starttime="20240627 17:12:33.585" endtime="20240627 17:12:36.790"/>
</iter>
<status status="PASS" starttime="20240627 17:12:33.585" endtime="20240627 17:12:36.790"/>
</for>
<status status="PASS" starttime="20240627 17:12:33.585" endtime="20240627 17:12:36.790"/>
</kw>
<kw name="Sleep" library="BuiltIn">
<arg>500ms</arg>
<doc>Pauses the test executed for the given time.</doc>
<msg timestamp="20240627 17:12:37.291" level="INFO">Slept 500 milliseconds</msg>
<status status="PASS" starttime="20240627 17:12:36.790" endtime="20240627 17:12:37.291"/>
</kw>
<status status="PASS" starttime="20240627 17:12:32.425" endtime="20240627 17:12:37.291"/>
</kw>
<kw name="Close Browser" library="Selenium2Library">
<doc>Closes the current browser.</doc>
<status status="PASS" starttime="20240627 17:12:37.292" endtime="20240627 17:12:39.480"/>
</kw>
<kw name="Open Browser Chrome and use user" library="Login">
<kw name="Create Dictionary" library="BuiltIn">
<var>${prefs}</var>
<arg>download.default_directory=${OUTPUT_DIR}</arg>
<doc>Creates and returns a dictionary based on the given ``items``.</doc>
<msg timestamp="20240627 17:12:39.480" level="INFO">${prefs} = {'download.default_directory': 'C:\\Users\\TPI'}</msg>
<status status="PASS" starttime="20240627 17:12:39.480" endtime="20240627 17:12:39.480"/>
</kw>
<kw name="Evaluate" library="BuiltIn">
<var>${chrome_options}</var>
<arg>sys.modules['selenium.webdriver'].ChromeOptions()</arg>
<arg>sys, selenium.webdriver</arg>
<doc>Evaluates the given expression in Python and returns the result.</doc>
<msg timestamp="20240627 17:12:39.480" level="INFO">${chrome_options} = &lt;selenium.webdriver.chrome.options.Options object at 0x000002AEC4C32190&gt;</msg>
<status status="PASS" starttime="20240627 17:12:39.480" endtime="20240627 17:12:39.480"/>
</kw>
<kw name="Call Method" library="BuiltIn">
<arg>${chrome_options}</arg>
<arg>add_experimental_option</arg>
<arg>prefs</arg>
<arg>${prefs}</arg>
<doc>Calls the named method of the given object with the provided arguments.</doc>
<status status="PASS" starttime="20240627 17:12:39.480" endtime="20240627 17:12:39.480"/>
</kw>
<kw name="Open Browser" library="Selenium2Library">
<arg>${URL}</arg>
<arg>chrome</arg>
<arg>options=${chrome_options}</arg>
<doc>Opens a new browser instance to the optional ``url``.</doc>
<msg timestamp="20240627 17:12:39.480" level="INFO">Opening browser 'chrome' to base url 'https://iasm-lab.net/change-role'.</msg>
<status status="PASS" starttime="20240627 17:12:39.480" endtime="20240627 17:12:41.017"/>
</kw>
<kw name="Maximize Browser Window" library="Selenium2Library">
<doc>Maximizes current browser window.</doc>
<status status="PASS" starttime="20240627 17:12:41.017" endtime="20240627 17:12:41.037"/>
</kw>
<status status="PASS" starttime="20240627 17:12:39.480" endtime="20240627 17:12:41.037"/>
</kw>
<kw name="Login System Admin" library="Login">
<kw name="Wait And Click" library="Action">
<arg>//button[contains(@label,'${System_Admin}')]</arg>
<kw name="Wait Until Element Is Visible" library="Selenium2Library">
<arg>${locator}</arg>
<arg>timeout=30s</arg>
<doc>Waits until the element ``locator`` is visible.</doc>
<status status="PASS" starttime="20240627 17:12:41.037" endtime="20240627 17:12:41.077"/>
</kw>
<kw name="Wait Until Element Is Enabled" library="Selenium2Library">
<arg>${locator}</arg>
<arg>timeout=30s</arg>
<doc>Waits until the element ``locator`` is enabled.</doc>
<status status="PASS" starttime="20240627 17:12:41.078" endtime="20240627 17:12:41.118"/>
</kw>
<kw name="Wait Until Page Contains Element" library="Selenium2Library">
<arg>${locator}</arg>
<arg>timeout=30s</arg>
<doc>Waits until the element ``locator`` appears on the current page.</doc>
<status status="PASS" starttime="20240627 17:12:41.118" endtime="20240627 17:12:41.141"/>
</kw>
<kw name="Sleep" library="BuiltIn">
<arg>500ms</arg>
<doc>Pauses the test executed for the given time.</doc>
<msg timestamp="20240627 17:12:41.641" level="INFO">Slept 500 milliseconds</msg>
<status status="PASS" starttime="20240627 17:12:41.141" endtime="20240627 17:12:41.641"/>
</kw>
<kw name="Click Element" library="Selenium2Library">
<arg>${locator}</arg>
<doc>Click the element identified by ``locator``.</doc>
<msg timestamp="20240627 17:12:41.641" level="INFO">Clicking element '//button[contains(@label,'公司負責人')]'.</msg>
<status status="PASS" starttime="20240627 17:12:41.641" endtime="20240627 17:12:41.694"/>
</kw>
<kw name="Sleep" library="BuiltIn">
<arg>500ms</arg>
<doc>Pauses the test executed for the given time.</doc>
<msg timestamp="20240627 17:12:42.196" level="INFO">Slept 500 milliseconds</msg>
<status status="PASS" starttime="20240627 17:12:41.694" endtime="20240627 17:12:42.196"/>
</kw>
<status status="PASS" starttime="20240627 17:12:41.037" endtime="20240627 17:12:42.196"/>
</kw>
<kw name="Check_panel_is_ready" library="Login">
<for flavor="IN RANGE">
<var>${i}</var>
<value>1</value>
<value>10</value>
<iter>
<var name="${i}">1</var>
<kw name="Run Keyword And Return Status" library="BuiltIn">
<var>${loading_status}</var>
<arg>Wait Until Element Is Visible</arg>
<arg>//svg[@class="p-progress-spinner-svg"]</arg>
<arg>timeout=3</arg>
<doc>Runs the given keyword with given arguments and returns the status as a Boolean value.</doc>
<kw name="Wait Until Element Is Visible" library="Selenium2Library">
<arg>//svg[@class="p-progress-spinner-svg"]</arg>
<arg>timeout=3</arg>
<doc>Waits until the element ``locator`` is visible.</doc>
<msg timestamp="20240627 17:12:45.385" level="FAIL">Element '//svg[@class="p-progress-spinner-svg"]' not visible after 3 seconds.</msg>
<status status="FAIL" starttime="20240627 17:12:42.196" endtime="20240627 17:12:45.385"/>
</kw>
<msg timestamp="20240627 17:12:45.385" level="INFO">${loading_status} = False</msg>
<status status="PASS" starttime="20240627 17:12:42.196" endtime="20240627 17:12:45.385"/>
</kw>
<kw name="Run Keyword If" library="BuiltIn">
<arg>'${loading_status}' == '${true}'</arg>
<arg>Reload Page</arg>
<doc>Runs the given keyword with the given arguments, if ``condition`` is true.</doc>
<status status="PASS" starttime="20240627 17:12:45.385" endtime="20240627 17:12:45.385"/>
</kw>
<kw name="Exit For Loop If" library="BuiltIn">
<arg>'${loading_status}' == '${false}'</arg>
<doc>Stops executing the enclosing FOR loop if the ``condition`` is true.</doc>
<msg timestamp="20240627 17:12:45.385" level="INFO">Exiting for loop altogether.</msg>
<status status="PASS" starttime="20240627 17:12:45.385" endtime="20240627 17:12:45.385"/>
</kw>
<status status="PASS" starttime="20240627 17:12:42.196" endtime="20240627 17:12:45.385"/>
</iter>
<status status="PASS" starttime="20240627 17:12:42.196" endtime="20240627 17:12:45.385"/>
</for>
<status status="PASS" starttime="20240627 17:12:42.196" endtime="20240627 17:12:45.385"/>
</kw>
<kw name="Sleep" library="BuiltIn">
<arg>500ms</arg>
<doc>Pauses the test executed for the given time.</doc>
<msg timestamp="20240627 17:12:45.885" level="INFO">Slept 500 milliseconds</msg>
<status status="PASS" starttime="20240627 17:12:45.385" endtime="20240627 17:12:45.885"/>
</kw>
<status status="PASS" starttime="20240627 17:12:41.037" endtime="20240627 17:12:45.885"/>
</kw>
<kw name="Close Browser" library="Selenium2Library">
<doc>Closes the current browser.</doc>
<status status="PASS" starttime="20240627 17:12:45.885" endtime="20240627 17:12:48.047"/>
</kw>
<kw name="Run Keyword If Test Failed" library="BuiltIn" type="TEARDOWN">
<arg>Capture Page Screenshot</arg>
<doc>Runs the given keyword with the given arguments, if the test failed.</doc>
<status status="PASS" starttime="20240627 17:12:48.048" endtime="20240627 17:12:48.048"/>
</kw>
<status status="PASS" starttime="20240627 17:12:06.910" endtime="20240627 17:12:48.048"/>
</test>
<test id="s1-t2" name="測試-登入" line="39">
<kw name="Open Browser Chrome and use user" library="Login">
<kw name="Create Dictionary" library="BuiltIn">
<var>${prefs}</var>
<arg>download.default_directory=${OUTPUT_DIR}</arg>
<doc>Creates and returns a dictionary based on the given ``items``.</doc>
<msg timestamp="20240627 17:12:48.049" level="INFO">${prefs} = {'download.default_directory': 'C:\\Users\\TPI'}</msg>
<status status="PASS" starttime="20240627 17:12:48.049" endtime="20240627 17:12:48.049"/>
</kw>
<kw name="Evaluate" library="BuiltIn">
<var>${chrome_options}</var>
<arg>sys.modules['selenium.webdriver'].ChromeOptions()</arg>
<arg>sys, selenium.webdriver</arg>
<doc>Evaluates the given expression in Python and returns the result.</doc>
<msg timestamp="20240627 17:12:48.049" level="INFO">${chrome_options} = &lt;selenium.webdriver.chrome.options.Options object at 0x000002AEC8642690&gt;</msg>
<status status="PASS" starttime="20240627 17:12:48.049" endtime="20240627 17:12:48.049"/>
</kw>
<kw name="Call Method" library="BuiltIn">
<arg>${chrome_options}</arg>
<arg>add_experimental_option</arg>
<arg>prefs</arg>
<arg>${prefs}</arg>
<doc>Calls the named method of the given object with the provided arguments.</doc>
<status status="PASS" starttime="20240627 17:12:48.049" endtime="20240627 17:12:48.049"/>
</kw>
<kw name="Open Browser" library="Selenium2Library">
<arg>${URL}</arg>
<arg>chrome</arg>
<arg>options=${chrome_options}</arg>
<doc>Opens a new browser instance to the optional ``url``.</doc>
<msg timestamp="20240627 17:12:48.049" level="INFO">Opening browser 'chrome' to base url 'https://iasm-lab.net/change-role'.</msg>
<status status="PASS" starttime="20240627 17:12:48.049" endtime="20240627 17:12:49.552"/>
</kw>
<kw name="Maximize Browser Window" library="Selenium2Library">
<doc>Maximizes current browser window.</doc>
<status status="PASS" starttime="20240627 17:12:49.552" endtime="20240627 17:12:49.573"/>
</kw>
<status status="PASS" starttime="20240627 17:12:48.049" endtime="20240627 17:12:49.573"/>
</kw>
<kw name="Login Attention" library="Login">
<kw name="Wait And Click" library="Action">
<arg>//button[contains(@label,'${Attention}')]</arg>
<kw name="Wait Until Element Is Visible" library="Selenium2Library">
<arg>${locator}</arg>
<arg>timeout=30s</arg>
<doc>Waits until the element ``locator`` is visible.</doc>
<status status="PASS" starttime="20240627 17:12:49.573" endtime="20240627 17:12:49.619"/>
</kw>
<kw name="Wait Until Element Is Enabled" library="Selenium2Library">
<arg>${locator}</arg>
<arg>timeout=30s</arg>
<doc>Waits until the element ``locator`` is enabled.</doc>
<status status="PASS" starttime="20240627 17:12:49.620" endtime="20240627 17:12:49.654"/>
</kw>
<kw name="Wait Until Page Contains Element" library="Selenium2Library">
<arg>${locator}</arg>
<arg>timeout=30s</arg>
<doc>Waits until the element ``locator`` appears on the current page.</doc>
<status status="PASS" starttime="20240627 17:12:49.654" endtime="20240627 17:12:49.654"/>
</kw>
<kw name="Sleep" library="BuiltIn">
<arg>500ms</arg>
<doc>Pauses the test executed for the given time.</doc>
<msg timestamp="20240627 17:12:50.154" level="INFO">Slept 500 milliseconds</msg>
<status status="PASS" starttime="20240627 17:12:49.654" endtime="20240627 17:12:50.154"/>
</kw>
<kw name="Click Element" library="Selenium2Library">
<arg>${locator}</arg>
<doc>Click the element identified by ``locator``.</doc>
<msg timestamp="20240627 17:12:50.154" level="INFO">Clicking element '//button[contains(@label,'經辦')]'.</msg>
<status status="PASS" starttime="20240627 17:12:50.154" endtime="20240627 17:12:50.193"/>
</kw>
<kw name="Sleep" library="BuiltIn">
<arg>500ms</arg>
<doc>Pauses the test executed for the given time.</doc>
<msg timestamp="20240627 17:12:50.694" level="INFO">Slept 500 milliseconds</msg>
<status status="PASS" starttime="20240627 17:12:50.193" endtime="20240627 17:12:50.694"/>
</kw>
<status status="PASS" starttime="20240627 17:12:49.573" endtime="20240627 17:12:50.694"/>
</kw>
<kw name="Check_panel_is_ready" library="Login">
<for flavor="IN RANGE">
<var>${i}</var>
<value>1</value>
<value>10</value>
<iter>
<var name="${i}">1</var>
<kw name="Run Keyword And Return Status" library="BuiltIn">
<var>${loading_status}</var>
<arg>Wait Until Element Is Visible</arg>
<arg>//svg[@class="p-progress-spinner-svg"]</arg>
<arg>timeout=3</arg>
<doc>Runs the given keyword with given arguments and returns the status as a Boolean value.</doc>
<kw name="Wait Until Element Is Visible" library="Selenium2Library">
<arg>//svg[@class="p-progress-spinner-svg"]</arg>
<arg>timeout=3</arg>
<doc>Waits until the element ``locator`` is visible.</doc>
<msg timestamp="20240627 17:12:53.910" level="FAIL">Element '//svg[@class="p-progress-spinner-svg"]' not visible after 3 seconds.</msg>
<status status="FAIL" starttime="20240627 17:12:50.694" endtime="20240627 17:12:53.910"/>
</kw>
<msg timestamp="20240627 17:12:53.910" level="INFO">${loading_status} = False</msg>
<status status="PASS" starttime="20240627 17:12:50.694" endtime="20240627 17:12:53.910"/>
</kw>
<kw name="Run Keyword If" library="BuiltIn">
<arg>'${loading_status}' == '${true}'</arg>
<arg>Reload Page</arg>
<doc>Runs the given keyword with the given arguments, if ``condition`` is true.</doc>
<status status="PASS" starttime="20240627 17:12:53.910" endtime="20240627 17:12:53.910"/>
</kw>
<kw name="Exit For Loop If" library="BuiltIn">
<arg>'${loading_status}' == '${false}'</arg>
<doc>Stops executing the enclosing FOR loop if the ``condition`` is true.</doc>
<msg timestamp="20240627 17:12:53.910" level="INFO">Exiting for loop altogether.</msg>
<status status="PASS" starttime="20240627 17:12:53.910" endtime="20240627 17:12:53.910"/>
</kw>
<status status="PASS" starttime="20240627 17:12:50.694" endtime="20240627 17:12:53.910"/>
</iter>
<status status="PASS" starttime="20240627 17:12:50.694" endtime="20240627 17:12:53.910"/>
</for>
<status status="PASS" starttime="20240627 17:12:50.694" endtime="20240627 17:12:53.910"/>
</kw>
<kw name="Sleep" library="BuiltIn">
<arg>500ms</arg>
<doc>Pauses the test executed for the given time.</doc>
<msg timestamp="20240627 17:12:54.410" level="INFO">Slept 500 milliseconds</msg>
<status status="PASS" starttime="20240627 17:12:53.910" endtime="20240627 17:12:54.410"/>
</kw>
<status status="PASS" starttime="20240627 17:12:49.573" endtime="20240627 17:12:54.410"/>
</kw>
<kw name="Run Keyword If Test Failed" library="BuiltIn" type="TEARDOWN">
<arg>Capture Page Screenshot</arg>
<doc>Runs the given keyword with the given arguments, if the test failed.</doc>
<status status="PASS" starttime="20240627 17:12:54.410" endtime="20240627 17:12:54.411"/>
</kw>
<status status="PASS" starttime="20240627 17:12:48.049" endtime="20240627 17:12:54.411"/>
</test>
<test id="s1-t3" name="經辦-首頁-雲端新資產下載" line="42">
<kw name="Run Keyword And Return Status" library="BuiltIn">
<var>${cloud_new_data_status}</var>
<arg>Wait Until Element Is Visible</arg>
<arg>//div[@class="action-button-export"]</arg>
<doc>Runs the given keyword with given arguments and returns the status as a Boolean value.</doc>
<kw name="Wait Until Element Is Visible" library="Selenium2Library">
<arg>//div[@class="action-button-export"]</arg>
<doc>Waits until the element ``locator`` is visible.</doc>
<msg timestamp="20240627 17:12:59.509" level="FAIL">Element '//div[@class="action-button-export"]' not visible after 5 seconds.</msg>
<status status="FAIL" starttime="20240627 17:12:54.413" endtime="20240627 17:12:59.510"/>
</kw>
<msg timestamp="20240627 17:12:59.510" level="INFO">${cloud_new_data_status} = False</msg>
<status status="PASS" starttime="20240627 17:12:54.413" endtime="20240627 17:12:59.510"/>
</kw>
<kw name="Run Keyword If" library="BuiltIn">
<arg>'${cloud_new_data_status}' == '${true}'</arg>
<arg>Run Keywords</arg>
<arg>Wait And Click</arg>
<arg>//div[@class="action-button-export"]</arg>
<arg>AND</arg>
<arg>Sleep</arg>
<arg>5s</arg>
<arg>AND</arg>
<arg>Verify the testcase is pass (data is existed)</arg>
<arg>//div[@class="action-button-export"]/div[text()='${cloud_data_string}']</arg>
<arg>ELSE</arg>
<arg>Verify the testcase is pass (data is not existed)</arg>
<arg>//div[@class="action-button-export"]/div[text()='${cloud_data_string}']</arg>
<doc>Runs the given keyword with the given arguments, if ``condition`` is true.</doc>
<kw name="Verify the testcase is pass (data is not existed)" library="Action">
<arg>//div[@class="action-button-export"]/div[text()='${cloud_data_string}']</arg>
<kw name="Wait Until Element Is Not Visible" library="Selenium2Library">
<arg>${locator}</arg>
<arg>10s</arg>
<doc>Waits until the element ``locator`` is not visible.</doc>
<status status="PASS" starttime="20240627 17:12:59.511" endtime="20240627 17:12:59.521"/>
</kw>
<kw name="Sleep" library="BuiltIn">
<arg>1s</arg>
<doc>Pauses the test executed for the given time.</doc>
<msg timestamp="20240627 17:13:00.523" level="INFO">Slept 1 second</msg>
<status status="PASS" starttime="20240627 17:12:59.522" endtime="20240627 17:13:00.523"/>
</kw>
<status status="PASS" starttime="20240627 17:12:59.511" endtime="20240627 17:13:00.523"/>
</kw>
<status status="PASS" starttime="20240627 17:12:59.511" endtime="20240627 17:13:00.523"/>
</kw>
<kw name="Run Keyword If Test Failed" library="BuiltIn" type="TEARDOWN">
<arg>Capture Page Screenshot</arg>
<doc>Runs the given keyword with the given arguments, if the test failed.</doc>
<status status="PASS" starttime="20240627 17:13:00.524" endtime="20240627 17:13:00.525"/>
</kw>
<status status="PASS" starttime="20240627 17:12:54.411" endtime="20240627 17:13:00.525"/>
</test>
<kw name="Close Browser" library="Selenium2Library" type="TEARDOWN">
<doc>Closes the current browser.</doc>
<status status="PASS" starttime="20240627 17:13:00.528" endtime="20240627 17:13:02.719"/>
</kw>
<status status="PASS" starttime="20240627 17:12:04.307" endtime="20240627 17:13:02.719"/>
</suite>
<statistics>
<total>
<stat pass="3" fail="0" skip="0">All Tests</stat>
</total>
<tag>
</tag>
<suite>
<stat pass="3" fail="0" skip="0" id="s1" name="Test Code">Test Code</stat>
</suite>
</statistics>
<errors>
</errors>
</robot>
